

***Texto por consola de la función autenticacion()*** 
Fecha: 121120
login ingresado por el usuario:gwittbecker1
clave ingresada por el usuario: pp
clave ingresada por el usuario encriptada: 6d3236ec3c88039ca534b81acad564e847ecb062
<br />Consulta a la base resuelta! loginDeUsuario en la base de datos: gwittbecker1
Clave en la base datos: 6d3236ec3c88039ca534b81acad564e847ecb062
Usuario correcto
***Fin texto por consola la función autenticacion()***

***Texto por consola de la función autenticacion()*** 
Fecha: 171120
login ingresado por el usuario:gwittbecker1
clave ingresada por el usuario: pp
clave ingresada por el usuario encriptada: 6d3236ec3c88039ca534b81acad564e847ecb062
<br />Consulta a la base resuelta! loginDeUsuario en la base de datos: gwittbecker1
Clave en la base datos: 6d3236ec3c88039ca534b81acad564e847ecb062
Usuario correcto
***Fin texto por consola la función autenticacion()***

***Texto por consola de la función autenticacion()*** 
Fecha: 141220
login ingresado por el usuario:gwittbecker1
clave ingresada por el usuario: pp
clave ingresada por el usuario encriptada: 6d3236ec3c88039ca534b81acad564e847ecb062
<br />Consulta a la base resuelta! loginDeUsuario en la base de datos: gwittbecker1
Clave en la base datos: 6d3236ec3c88039ca534b81acad564e847ecb062
Usuario correcto
***Fin texto por consola la función autenticacion()***

***Texto por consola de la función autenticacion()*** 
Fecha: 221220
login ingresado por el usuario:gwittbecker1
clave ingresada por el usuario: pp
clave ingresada por el usuario encriptada: 6d3236ec3c88039ca534b81acad564e847ecb062
<br />Consulta a la base resuelta! loginDeUsuario en la base de datos: gwittbecker1
Clave en la base datos: 6d3236ec3c88039ca534b81acad564e847ecb062
Usuario correcto
***Fin texto por consola la función autenticacion()***

***Texto por consola de la función autenticacion()*** 
Fecha: 110121
login ingresado por el usuario:gwittbecker1
clave ingresada por el usuario: pp
clave ingresada por el usuario encriptada: 6d3236ec3c88039ca534b81acad564e847ecb062
<br />Consulta a la base resuelta! loginDeUsuario en la base de datos: gwittbecker1
Clave en la base datos: 6d3236ec3c88039ca534b81acad564e847ecb062
Usuario correcto
***Fin texto por consola la función autenticacion()***

***Texto por consola de la función autenticacion()*** 
Fecha: 090221
login ingresado por el usuario:gwittbecker1
clave ingresada por el usuario: pp
clave ingresada por el usuario encriptada: 6d3236ec3c88039ca534b81acad564e847ecb062
<br />Consulta a la base resuelta! loginDeUsuario en la base de datos: gwittbecker1
Clave en la base datos: 6d3236ec3c88039ca534b81acad564e847ecb062
Usuario correcto
***Fin texto por consola la función autenticacion()***

***Texto por consola de la función autenticacion()*** 
Fecha: 150321
login ingresado por el usuario:gwittbecker1
clave ingresada por el usuario: 
clave ingresada por el usuario encriptada: da39a3ee5e6b4b0d3255bfef95601890afd80709
<br />Consulta a la base resuelta! loginDeUsuario en la base de datos: gwittbecker1
Clave en la base datos: 6d3236ec3c88039ca534b81acad564e847ecb062
Usuario correcto
Contraseña incorrecta
***Fin texto por consola la función autenticacion()***

***Texto por consola de la función autenticacion()*** 
Fecha: 150321
login ingresado por el usuario:
clave ingresada por el usuario: 
clave ingresada por el usuario encriptada: da39a3ee5e6b4b0d3255bfef95601890afd80709
<br />Consulta a la base resuelta! loginDeUsuario en la base de datos: 
Clave en la base datos: 
Usuario NO existente
***Fin texto por consola la función autenticacion()***

***Texto por consola de la función autenticacion()*** 
Fecha: 150321
login ingresado por el usuario:gwittbecker1
clave ingresada por el usuario: ppp
clave ingresada por el usuario encriptada: b3054ff0797ff0b2bbce03ec897fe63e0b6490e0
<br />Consulta a la base resuelta! loginDeUsuario en la base de datos: gwittbecker1
Clave en la base datos: 6d3236ec3c88039ca534b81acad564e847ecb062
Usuario correcto
Contraseña incorrecta
***Fin texto por consola la función autenticacion()***

***Texto por consola de la función autenticacion()*** 
Fecha: 150321
login ingresado por el usuario:gwittbecker1
clave ingresada por el usuario: pp
clave ingresada por el usuario encriptada: 6d3236ec3c88039ca534b81acad564e847ecb062
<br />Consulta a la base resuelta! loginDeUsuario en la base de datos: gwittbecker1
Clave en la base datos: 6d3236ec3c88039ca534b81acad564e847ecb062
Usuario correcto
***Fin texto por consola la función autenticacion()***

***Texto por consola de la función autenticacion()*** 
Fecha: 150321
login ingresado por el usuario:gwittbecker1
clave ingresada por el usuario: pp
clave ingresada por el usuario encriptada: 6d3236ec3c88039ca534b81acad564e847ecb062
<br />Consulta a la base resuelta! loginDeUsuario en la base de datos: gwittbecker1
Clave en la base datos: 6d3236ec3c88039ca534b81acad564e847ecb062
Usuario correcto
***Fin texto por consola la función autenticacion()***

***Texto por consola de la función autenticacion()*** 
Fecha: 030521
login ingresado por el usuario:gwittbecker1
clave ingresada por el usuario: pp
clave ingresada por el usuario encriptada: 6d3236ec3c88039ca534b81acad564e847ecb062
<br />Consulta a la base resuelta! loginDeUsuario en la base de datos: gwittbecker1
Clave en la base datos: 6d3236ec3c88039ca534b81acad564e847ecb062
Usuario correcto
***Fin texto por consola la función autenticacion()***

***Texto por consola de la función autenticacion()*** 
Fecha: 030521
login ingresado por el usuario:gwittbecker1
clave ingresada por el usuario: pp
clave ingresada por el usuario encriptada: 6d3236ec3c88039ca534b81acad564e847ecb062
<br />Consulta a la base resuelta! loginDeUsuario en la base de datos: gwittbecker1
Clave en la base datos: 6d3236ec3c88039ca534b81acad564e847ecb062
Usuario correcto
***Fin texto por consola la función autenticacion()***

***Texto por consola de la función autenticacion()*** 
Fecha: 180521
login ingresado por el usuario:gustavow1
clave ingresada por el usuario: pAbcar123
clave ingresada por el usuario encriptada: b4225213408f234514a3a672169968740008a0aa
<br />Consulta a la base resuelta! loginDeUsuario en la base de datos: 
Clave en la base datos: 
Usuario NO existente
***Fin texto por consola la función autenticacion()***

***Texto por consola de la función autenticacion()*** 
Fecha: 180521
login ingresado por el usuario:gustavow1
clave ingresada por el usuario: pp
clave ingresada por el usuario encriptada: 6d3236ec3c88039ca534b81acad564e847ecb062
<br />Consulta a la base resuelta! loginDeUsuario en la base de datos: 
Clave en la base datos: 
Usuario NO existente
***Fin texto por consola la función autenticacion()***

***Texto por consola de la función autenticacion()*** 
Fecha: 180521
login ingresado por el usuario:gwittbecker1
clave ingresada por el usuario: pp
clave ingresada por el usuario encriptada: 6d3236ec3c88039ca534b81acad564e847ecb062
<br />Consulta a la base resuelta! loginDeUsuario en la base de datos: gwittbecker1
Clave en la base datos: 6d3236ec3c88039ca534b81acad564e847ecb062
Usuario correcto
***Fin texto por consola la función autenticacion()***

***Texto por consola de la función autenticacion()*** 
Fecha: 180521
login ingresado por el usuario:gwittbecker1
clave ingresada por el usuario: pp
clave ingresada por el usuario encriptada: 6d3236ec3c88039ca534b81acad564e847ecb062
<br />Consulta a la base resuelta! loginDeUsuario en la base de datos: gwittbecker1
Clave en la base datos: 6d3236ec3c88039ca534b81acad564e847ecb062
Usuario correcto
***Fin texto por consola la función autenticacion()***

***Texto por consola de la función autenticacion()*** 
Fecha: 180521
login ingresado por el usuario:gwittbecker1
clave ingresada por el usuario: ppdasfasdfadsf
clave ingresada por el usuario encriptada: 4112394a79c6cbbfca383375d1888563d4989941
<br />Consulta a la base resuelta! loginDeUsuario en la base de datos: gwittbecker1
Clave en la base datos: 6d3236ec3c88039ca534b81acad564e847ecb062
Usuario correcto
Contraseña incorrecta
***Fin texto por consola la función autenticacion()***

***Texto por consola de la función autenticacion()*** 
Fecha: 180521
login ingresado por el usuario:gwittbecker1
clave ingresada por el usuario: PP
clave ingresada por el usuario encriptada: 9d3d4a7199035145382f65fe049e64f23c878709
<br />Consulta a la base resuelta! loginDeUsuario en la base de datos: gwittbecker1
Clave en la base datos: 6d3236ec3c88039ca534b81acad564e847ecb062
Usuario correcto
Contraseña incorrecta
***Fin texto por consola la función autenticacion()***

***Texto por consola de la función autenticacion()*** 
Fecha: 180521
login ingresado por el usuario:gwittbecker1
clave ingresada por el usuario: pp
clave ingresada por el usuario encriptada: 6d3236ec3c88039ca534b81acad564e847ecb062
<br />Consulta a la base resuelta! loginDeUsuario en la base de datos: gwittbecker1
Clave en la base datos: 6d3236ec3c88039ca534b81acad564e847ecb062
Usuario correcto
***Fin texto por consola la función autenticacion()***

***Texto por consola de la función autenticacion()*** 
Fecha: 180521
login ingresado por el usuario:gwittbecker1
clave ingresada por el usuario: pp
clave ingresada por el usuario encriptada: 6d3236ec3c88039ca534b81acad564e847ecb062
<br />Consulta a la base resuelta! loginDeUsuario en la base de datos: gwittbecker1
Clave en la base datos: 6d3236ec3c88039ca534b81acad564e847ecb062
Usuario correcto
***Fin texto por consola la función autenticacion()***

***Texto por consola de la función autenticacion()*** 
Fecha: 280521
login ingresado por el usuario:aa
clave ingresada por el usuario: bb
clave ingresada por el usuario encriptada: 9a900f538965a426994e1e90600920aff0b4e8d2
<br />Consulta a la base resuelta! loginDeUsuario en la base de datos: 
Clave en la base datos: 
Usuario NO existente
***Fin texto por consola la función autenticacion()***

***Texto por consola de la función autenticacion()*** 
Fecha: 280521
login ingresado por el usuario:aa
clave ingresada por el usuario: bb
clave ingresada por el usuario encriptada: 9a900f538965a426994e1e90600920aff0b4e8d2
<br />Consulta a la base resuelta! loginDeUsuario en la base de datos: 
Clave en la base datos: 
Usuario NO existente
***Fin texto por consola la función autenticacion()***

***Texto por consola de la función autenticacion()*** 
Fecha: 280521
login ingresado por el usuario:aa
clave ingresada por el usuario: bb
clave ingresada por el usuario encriptada: 9a900f538965a426994e1e90600920aff0b4e8d2
<br />Consulta a la base resuelta! loginDeUsuario en la base de datos: 
Clave en la base datos: 
Usuario NO existente
***Fin texto por consola la función autenticacion()***

***Texto por consola de la función autenticacion()*** 
Fecha: 280521
login ingresado por el usuario:gwittbecker1
clave ingresada por el usuario: pp
clave ingresada por el usuario encriptada: 6d3236ec3c88039ca534b81acad564e847ecb062
<br />Consulta a la base resuelta! loginDeUsuario en la base de datos: gwittbecker1
Clave en la base datos: 6d3236ec3c88039ca534b81acad564e847ecb062
Usuario correcto
***Fin texto por consola la función autenticacion()***

***Texto por consola de la función autenticacion()*** 
Fecha: 280521
login ingresado por el usuario:gwittbecker1
clave ingresada por el usuario: pp
clave ingresada por el usuario encriptada: 6d3236ec3c88039ca534b81acad564e847ecb062
<br />Consulta a la base resuelta! loginDeUsuario en la base de datos: gwittbecker1
Clave en la base datos: 6d3236ec3c88039ca534b81acad564e847ecb062
Usuario correcto
***Fin texto por consola la función autenticacion()***

***Texto por consola de la función autenticacion()*** 
Fecha: 020721
login ingresado por el usuario:gwittbecker1
clave ingresada por el usuario: pAbcar123
clave ingresada por el usuario encriptada: b4225213408f234514a3a672169968740008a0aa
<br />Consulta a la base resuelta! loginDeUsuario en la base de datos: gwittbecker1
Clave en la base datos: 6d3236ec3c88039ca534b81acad564e847ecb062
Usuario correcto
Contraseña incorrecta
***Fin texto por consola la función autenticacion()***

***Texto por consola de la función autenticacion()*** 
Fecha: 020721
login ingresado por el usuario:gwittbecker1
clave ingresada por el usuario: pp
clave ingresada por el usuario encriptada: 6d3236ec3c88039ca534b81acad564e847ecb062
<br />Consulta a la base resuelta! loginDeUsuario en la base de datos: gwittbecker1
Clave en la base datos: 6d3236ec3c88039ca534b81acad564e847ecb062
Usuario correcto
***Fin texto por consola la función autenticacion()***

***Texto por consola de la función autenticacion()*** 
Fecha: 020721
login ingresado por el usuario:gwittbecker1
clave ingresada por el usuario: pp
clave ingresada por el usuario encriptada: 6d3236ec3c88039ca534b81acad564e847ecb062
<br />Consulta a la base resuelta! loginDeUsuario en la base de datos: gwittbecker1
Clave en la base datos: 6d3236ec3c88039ca534b81acad564e847ecb062
Usuario correcto
***Fin texto por consola la función autenticacion()***

***Texto por consola de la función autenticacion()*** 
Fecha: 020721
login ingresado por el usuario:gwittbecker1
clave ingresada por el usuario: pp
clave ingresada por el usuario encriptada: 6d3236ec3c88039ca534b81acad564e847ecb062
<br />Consulta a la base resuelta! loginDeUsuario en la base de datos: gwittbecker1
Clave en la base datos: 6d3236ec3c88039ca534b81acad564e847ecb062
Usuario correcto
***Fin texto por consola la función autenticacion()***

***Texto por consola de la función autenticacion()*** 
Fecha: 020721
login ingresado por el usuario:gwittbecker
clave ingresada por el usuario: pp
clave ingresada por el usuario encriptada: 6d3236ec3c88039ca534b81acad564e847ecb062
<br />Consulta a la base resuelta! loginDeUsuario en la base de datos: 
Clave en la base datos: 
Usuario NO existente
***Fin texto por consola la función autenticacion()***

***Texto por consola de la función autenticacion()*** 
Fecha: 020721
login ingresado por el usuario:gwittbecker1
clave ingresada por el usuario: pp
clave ingresada por el usuario encriptada: 6d3236ec3c88039ca534b81acad564e847ecb062
<br />Consulta a la base resuelta! loginDeUsuario en la base de datos: gwittbecker1
Clave en la base datos: 6d3236ec3c88039ca534b81acad564e847ecb062
Usuario correcto
***Fin texto por consola la función autenticacion()***

***Texto por consola de la función autenticacion()*** 
Fecha: 020721
login ingresado por el usuario:gwittbecker1
clave ingresada por el usuario: pp
clave ingresada por el usuario encriptada: 6d3236ec3c88039ca534b81acad564e847ecb062
<br />Consulta a la base resuelta! loginDeUsuario en la base de datos: gwittbecker1
Clave en la base datos: 6d3236ec3c88039ca534b81acad564e847ecb062
Usuario correcto
***Fin texto por consola la función autenticacion()***

***Texto por consola de la función autenticacion()*** 
Fecha: 020721
login ingresado por el usuario:gwittbecker1
clave ingresada por el usuario: pp
clave ingresada por el usuario encriptada: 6d3236ec3c88039ca534b81acad564e847ecb062
<br />Consulta a la base resuelta! loginDeUsuario en la base de datos: gwittbecker1
Clave en la base datos: 6d3236ec3c88039ca534b81acad564e847ecb062
Usuario correcto
***Fin texto por consola la función autenticacion()***

***Texto por consola de la función autenticacion()*** 
Fecha: 020721
login ingresado por el usuario:gwittbecker1
clave ingresada por el usuario: pp
clave ingresada por el usuario encriptada: 6d3236ec3c88039ca534b81acad564e847ecb062
<br />Consulta a la base resuelta! loginDeUsuario en la base de datos: gwittbecker1
Clave en la base datos: 6d3236ec3c88039ca534b81acad564e847ecb062
Usuario correcto
***Fin texto por consola la función autenticacion()***

***Texto por consola de la función autenticacion()*** 
Fecha: 020721
login ingresado por el usuario:gustavow1
clave ingresada por el usuario: pp
clave ingresada por el usuario encriptada: 6d3236ec3c88039ca534b81acad564e847ecb062
<br />Consulta a la base resuelta! loginDeUsuario en la base de datos: 
Clave en la base datos: 
Usuario NO existente
***Fin texto por consola la función autenticacion()***

***Texto por consola de la función autenticacion()*** 
Fecha: 020721
login ingresado por el usuario:gwittbecker1
clave ingresada por el usuario: pp
clave ingresada por el usuario encriptada: 6d3236ec3c88039ca534b81acad564e847ecb062
<br />Consulta a la base resuelta! loginDeUsuario en la base de datos: gwittbecker1
Clave en la base datos: 6d3236ec3c88039ca534b81acad564e847ecb062
Usuario correcto
***Fin texto por consola la función autenticacion()***

***Texto por consola de la función autenticacion()*** 
Fecha: 181021
login ingresado por el usuario:gwitt
clave ingresada por el usuario: pAbcar123
clave ingresada por el usuario encriptada: b4225213408f234514a3a672169968740008a0aa
<br />Consulta a la base resuelta! loginDeUsuario en la base de datos: 
Clave en la base datos: 
Usuario NO existente
***Fin texto por consola la función autenticacion()***

***Texto por consola de la función autenticacion()*** 
Fecha: 181021
login ingresado por el usuario:gwittbecker1
clave ingresada por el usuario: pp
clave ingresada por el usuario encriptada: 6d3236ec3c88039ca534b81acad564e847ecb062
<br />Consulta a la base resuelta! loginDeUsuario en la base de datos: gwittbecker1
Clave en la base datos: 6d3236ec3c88039ca534b81acad564e847ecb062
Usuario correcto
***Fin texto por consola la función autenticacion()***

***Texto por consola de la función autenticacion()*** 
Fecha: 021121
login ingresado por el usuario:gwittbecker1
clave ingresada por el usuario: pp
clave ingresada por el usuario encriptada: 6d3236ec3c88039ca534b81acad564e847ecb062
<br />Consulta a la base resuelta! loginDeUsuario en la base de datos: gwittbecker1
Clave en la base datos: 6d3236ec3c88039ca534b81acad564e847ecb062
Usuario correcto
***Fin texto por consola la función autenticacion()***

***Texto por consola de la función autenticacion()*** 
Fecha: 021121
login ingresado por el usuario:gwittbecker1
clave ingresada por el usuario: pppp
clave ingresada por el usuario encriptada: c3ae457bb31ea0b0df811cf615e81cb46fefdbe9
<br />Consulta a la base resuelta! loginDeUsuario en la base de datos: gwittbecker1
Clave en la base datos: 6d3236ec3c88039ca534b81acad564e847ecb062
Usuario correcto
Contraseña incorrecta
***Fin texto por consola la función autenticacion()***

***Texto por consola de la función autenticacion()*** 
Fecha: 021121
login ingresado por el usuario:gwittbecker1
clave ingresada por el usuario: ppt
clave ingresada por el usuario encriptada: 01d7a9ee9ef7a7951e82fda3d34c8e88be215bc3
<br />Consulta a la base resuelta! loginDeUsuario en la base de datos: gwittbecker1
Clave en la base datos: 6d3236ec3c88039ca534b81acad564e847ecb062
Usuario correcto
Contraseña incorrecta
***Fin texto por consola la función autenticacion()***

***Texto por consola de la función autenticacion()*** 
Fecha: 021121
login ingresado por el usuario:gwittbecker1
clave ingresada por el usuario: pp
clave ingresada por el usuario encriptada: 6d3236ec3c88039ca534b81acad564e847ecb062
<br />Consulta a la base resuelta! loginDeUsuario en la base de datos: gwittbecker1
Clave en la base datos: 6d3236ec3c88039ca534b81acad564e847ecb062
Usuario correcto
***Fin texto por consola la función autenticacion()***

***Texto por consola de la función autenticacion()*** 
Fecha: 021121
login ingresado por el usuario:gwittbecker1
clave ingresada por el usuario: pp
clave ingresada por el usuario encriptada: 6d3236ec3c88039ca534b81acad564e847ecb062
<br />Consulta a la base resuelta! loginDeUsuario en la base de datos: gwittbecker1
Clave en la base datos: 6d3236ec3c88039ca534b81acad564e847ecb062
Usuario correcto
***Fin texto por consola la función autenticacion()***

***Texto por consola de la función autenticacion()*** 
Fecha: 021121
login ingresado por el usuario:gwittbecker1
clave ingresada por el usuario: pp
clave ingresada por el usuario encriptada: 6d3236ec3c88039ca534b81acad564e847ecb062
<br />Consulta a la base resuelta! loginDeUsuario en la base de datos: gwittbecker1
Clave en la base datos: 6d3236ec3c88039ca534b81acad564e847ecb062
Usuario correcto
***Fin texto por consola la función autenticacion()***

***Texto por consola de la función autenticacion()*** 
Fecha: 021121
login ingresado por el usuario:gwittbecker1
clave ingresada por el usuario: pp
clave ingresada por el usuario encriptada: 6d3236ec3c88039ca534b81acad564e847ecb062
<br />Consulta a la base resuelta! loginDeUsuario en la base de datos: gwittbecker1
Clave en la base datos: 6d3236ec3c88039ca534b81acad564e847ecb062
Usuario correcto
***Fin texto por consola la función autenticacion()***

***Texto por consola de la función autenticacion()*** 
Fecha: 091221
login ingresado por el usuario:gwittbecker
clave ingresada por el usuario: pp
clave ingresada por el usuario encriptada: 6d3236ec3c88039ca534b81acad564e847ecb062
<br />Consulta a la base resuelta! loginDeUsuario en la base de datos: 
Clave en la base datos: 
Usuario NO existente
***Fin texto por consola la función autenticacion()***

***Texto por consola de la función autenticacion()*** 
Fecha: 091221
login ingresado por el usuario:gwittbecker1
clave ingresada por el usuario: pp
clave ingresada por el usuario encriptada: 6d3236ec3c88039ca534b81acad564e847ecb062
<br />Consulta a la base resuelta! loginDeUsuario en la base de datos: gwittbecker1
Clave en la base datos: 6d3236ec3c88039ca534b81acad564e847ecb062
Usuario correcto
***Fin texto por consola la función autenticacion()***

***Texto por consola de la función autenticacion()*** 
Fecha: 091221
login ingresado por el usuario:gwittbecker1
clave ingresada por el usuario: pp
clave ingresada por el usuario encriptada: 6d3236ec3c88039ca534b81acad564e847ecb062
<br />Consulta a la base resuelta! loginDeUsuario en la base de datos: gwittbecker1
Clave en la base datos: 6d3236ec3c88039ca534b81acad564e847ecb062
Usuario correcto
***Fin texto por consola la función autenticacion()***

***Texto por consola de la función autenticacion()*** 
Fecha: 091221
login ingresado por el usuario:gwittbecker1
clave ingresada por el usuario: pp
clave ingresada por el usuario encriptada: 6d3236ec3c88039ca534b81acad564e847ecb062
<br />Consulta a la base resuelta! loginDeUsuario en la base de datos: gwittbecker1
Clave en la base datos: 6d3236ec3c88039ca534b81acad564e847ecb062
Usuario correcto
***Fin texto por consola la función autenticacion()***

***Texto por consola de la función autenticacion()*** 
Fecha: 091221
login ingresado por el usuario:gwittbecker1
clave ingresada por el usuario: pp
clave ingresada por el usuario encriptada: 6d3236ec3c88039ca534b81acad564e847ecb062
<br />Consulta a la base resuelta! loginDeUsuario en la base de datos: gwittbecker1
Clave en la base datos: 6d3236ec3c88039ca534b81acad564e847ecb062
Usuario correcto
***Fin texto por consola la función autenticacion()***

***Texto por consola de la función autenticacion()*** 
Fecha: 091221
login ingresado por el usuario:gwittbecker1
clave ingresada por el usuario: PP
clave ingresada por el usuario encriptada: 9d3d4a7199035145382f65fe049e64f23c878709
<br />Consulta a la base resuelta! loginDeUsuario en la base de datos: gwittbecker1
Clave en la base datos: 6d3236ec3c88039ca534b81acad564e847ecb062
Usuario correcto
Contraseña incorrecta
***Fin texto por consola la función autenticacion()***

***Texto por consola de la función autenticacion()*** 
Fecha: 091221
login ingresado por el usuario:gwittbecker1
clave ingresada por el usuario: pp
clave ingresada por el usuario encriptada: 6d3236ec3c88039ca534b81acad564e847ecb062
<br />Consulta a la base resuelta! loginDeUsuario en la base de datos: gwittbecker1
Clave en la base datos: 6d3236ec3c88039ca534b81acad564e847ecb062
Usuario correcto
***Fin texto por consola la función autenticacion()***

***Texto por consola de la función autenticacion()*** 
Fecha: 091221
login ingresado por el usuario:gwittbecker1
clave ingresada por el usuario: pp
clave ingresada por el usuario encriptada: 6d3236ec3c88039ca534b81acad564e847ecb062
<br />Consulta a la base resuelta! loginDeUsuario en la base de datos: gwittbecker1
Clave en la base datos: 6d3236ec3c88039ca534b81acad564e847ecb062
Usuario correcto
***Fin texto por consola la función autenticacion()***

***Texto por consola de la función autenticacion()*** 
Fecha: 101221
login ingresado por el usuario:gwittbecker1
clave ingresada por el usuario: pp
clave ingresada por el usuario encriptada: 6d3236ec3c88039ca534b81acad564e847ecb062
<br />Consulta a la base resuelta! loginDeUsuario en la base de datos: gwittbecker1
Clave en la base datos: 6d3236ec3c88039ca534b81acad564e847ecb062
Usuario correcto
***Fin texto por consola la función autenticacion()***

